<?xml version="1.0" encoding="UTF-8"?>
<!-- Generated by org.testng.reporters.JUnitXMLReporter -->
<testsuite ignored="0" hostname="LAPTOP-1826LOER" failures="0" tests="3" name="Default test" time="24.456" errors="0" timestamp="2025-03-07T08:10:29 IST">
  <testcase classname="com.webshop.tests.RegisterPageTests" name="testRegisterPageLanding" time="0.621"/>
  <testcase classname="com.webshop.tests.RegisterPageTests" name="testRegisterForm" time="1.006"/>
  <testcase classname="com.webshop.tests.RegisterPageTests" name="testExistingUserValidation" time="1.759"/>
</testsuite> <!-- Default test -->
