<?xml version="1.0" encoding="UTF-8"?>
<testng-results ignored="0" total="3" passed="3" failed="0" skipped="0">
  <reporter-output>
  </reporter-output>
  <suite started-at="2025-03-07T08:10:04 IST" name="Default suite" finished-at="2025-03-07T08:10:29 IST" duration-ms="24456">
    <groups>
    </groups>
    <test started-at="2025-03-07T08:10:04 IST" name="Default test" finished-at="2025-03-07T08:10:29 IST" duration-ms="24456">
      <class name="com.webshop.tests.RegisterPageTests">
        <test-method is-config="true" signature="setUpReport()[pri:0, instance:com.webshop.tests.RegisterPageTests@59402b8f]" started-at="2025-03-07T08:10:04 IST" name="setUpReport" finished-at="2025-03-07T08:10:04 IST" duration-ms="347" status="PASS">
          <reporter-output>
          </reporter-output>
        </test-method> <!-- setUpReport -->
        <test-method is-config="true" signature="preTest()[pri:0, instance:com.webshop.tests.RegisterPageTests@59402b8f]" started-at="2025-03-07T08:10:04 IST" name="preTest" finished-at="2025-03-07T08:10:08 IST" duration-ms="4051" status="PASS">
          <reporter-output>
          </reporter-output>
        </test-method> <!-- preTest -->
        <test-method signature="testRegisterPageLanding()[pri:1, instance:com.webshop.tests.RegisterPageTests@59402b8f]" started-at="2025-03-07T08:10:08 IST" name="testRegisterPageLanding" finished-at="2025-03-07T08:10:09 IST" duration-ms="621" status="PASS">
          <reporter-output>
          </reporter-output>
        </test-method> <!-- testRegisterPageLanding -->
        <test-method is-config="true" signature="tearDown()[pri:0, instance:com.webshop.tests.RegisterPageTests@59402b8f]" started-at="2025-03-07T08:10:09 IST" name="tearDown" finished-at="2025-03-07T08:10:13 IST" duration-ms="3728" status="PASS">
          <reporter-output>
          </reporter-output>
        </test-method> <!-- tearDown -->
        <test-method is-config="true" signature="preTest()[pri:0, instance:com.webshop.tests.RegisterPageTests@59402b8f]" started-at="2025-03-07T08:10:13 IST" name="preTest" finished-at="2025-03-07T08:10:16 IST" duration-ms="3396" status="PASS">
          <reporter-output>
          </reporter-output>
        </test-method> <!-- preTest -->
        <test-method signature="testRegisterForm()[pri:2, instance:com.webshop.tests.RegisterPageTests@59402b8f]" started-at="2025-03-07T08:10:16 IST" name="testRegisterForm" finished-at="2025-03-07T08:10:17 IST" duration-ms="1006" status="PASS">
          <reporter-output>
          </reporter-output>
        </test-method> <!-- testRegisterForm -->
        <test-method is-config="true" signature="tearDown()[pri:0, instance:com.webshop.tests.RegisterPageTests@59402b8f]" started-at="2025-03-07T08:10:17 IST" name="tearDown" finished-at="2025-03-07T08:10:20 IST" duration-ms="3208" status="PASS">
          <reporter-output>
          </reporter-output>
        </test-method> <!-- tearDown -->
        <test-method is-config="true" signature="preTest()[pri:0, instance:com.webshop.tests.RegisterPageTests@59402b8f]" started-at="2025-03-07T08:10:20 IST" name="preTest" finished-at="2025-03-07T08:10:24 IST" duration-ms="3418" status="PASS">
          <reporter-output>
          </reporter-output>
        </test-method> <!-- preTest -->
        <test-method signature="testExistingUserValidation()[pri:3, instance:com.webshop.tests.RegisterPageTests@59402b8f]" started-at="2025-03-07T08:10:24 IST" name="testExistingUserValidation" finished-at="2025-03-07T08:10:26 IST" duration-ms="1759" status="PASS">
          <reporter-output>
          </reporter-output>
        </test-method> <!-- testExistingUserValidation -->
        <test-method is-config="true" signature="tearDown()[pri:0, instance:com.webshop.tests.RegisterPageTests@59402b8f]" started-at="2025-03-07T08:10:26 IST" name="tearDown" finished-at="2025-03-07T08:10:29 IST" duration-ms="3214" status="PASS">
          <reporter-output>
          </reporter-output>
        </test-method> <!-- tearDown -->
      </class> <!-- com.webshop.tests.RegisterPageTests -->
    </test> <!-- Default test -->
  </suite> <!-- Default suite -->
</testng-results>
